C:\Program Files (x86)\Microsoft Visual Studio\2019\Community\MSBuild\Microsoft\VC\v160\Microsoft.CppBuild.targets(519,5): warning MSB8028: El directorio intermedio (Debug\) contiene archivos compartidos de otro proyecto (ElveflowDLL.vcxproj). Esto puede dar lugar a un comportamiento incorrecto de limpieza y recompilación.
  AF1.obj : se encontró un módulo MSIL; vinculación incremental deshabilitada para MSIL; ejecutando vínculo completo
AF1.obj : error LNK2028: se hace referencia al símbolo (token) sin resolver (0A000480) "extern "C" int __cdecl AF1_Destructor(int)" (?AF1_Destructor@@$$J0YAHH@Z) en la función "int __cdecl main_AF1(void)" (?main_AF1@@$$FYAHXZ)
OB1.obj : error LNK2028: se hace referencia al símbolo (token) sin resolver (0A0004D2) "extern "C" int __cdecl Elveflow_Calibration_Default(double * const,int)" (?Elveflow_Calibration_Default@@$$J0YAHQANH@Z) en la función "public: char & __thiscall std::basic_string<char,struct std::char_traits<char>,class std::allocator<char> >::operator[](unsigned int)" (??A?$basic_string@DU?$char_traits@D@std@@V?$allocator@D@2@@std@@$$FQAEAADI@Z)
AF1.obj : error LNK2028: se hace referencia al símbolo (token) sin resolver (0A00048E) "extern "C" int __cdecl Elveflow_Calibration_Default(double * const,int)" (?Elveflow_Calibration_Default@@$$J0YAHQANH@Z) en la función "int __cdecl main_AF1(void)" (?main_AF1@@$$FYAHXZ)
AF1.obj : error LNK2028: se hace referencia al símbolo (token) sin resolver (0A00049C) "extern "C" int __cdecl AF1_Initialization(char * const,unsigned short,unsigned short,int *)" (?AF1_Initialization@@$$J0YAHQADGGPAH@Z) en la función "int __cdecl main_AF1(void)" (?main_AF1@@$$FYAHXZ)
AF1.obj : error LNK2028: se hace referencia al símbolo (token) sin resolver (0A00049D) "extern "C" int __cdecl AF1_Calib(int,double * const,int)" (?AF1_Calib@@$$J0YAHHQANH@Z) en la función "int __cdecl main_AF1(void)" (?main_AF1@@$$FYAHXZ)
OB1.obj : error LNK2028: se hace referencia al símbolo (token) sin resolver (0A0004FF) "extern "C" int __cdecl Elveflow_Calibration_Save(char * const,double * const,int)" (?Elveflow_Calibration_Save@@$$J0YAHQADQANH@Z) en la función "public: __thiscall std::basic_string<char,struct std::char_traits<char>,class std::allocator<char> >::~basic_string<char,struct std::char_traits<char>,class std::allocator<char> >(void)" (??1?$basic_string@DU?$char_traits@D@std@@V?$allocator@D@2@@std@@$$FQAE@XZ)
AF1.obj : error LNK2028: se hace referencia al símbolo (token) sin resolver (0A0004B8) "extern "C" int __cdecl Elveflow_Calibration_Save(char * const,double * const,int)" (?Elveflow_Calibration_Save@@$$J0YAHQADQANH@Z) en la función "int __cdecl main_AF1(void)" (?main_AF1@@$$FYAHXZ)
OB1.obj : error LNK2028: se hace referencia al símbolo (token) sin resolver (0A0005C9) "extern "C" int __cdecl Elveflow_Calibration_Load(char * const,double * const,int)" (?Elveflow_Calibration_Load@@$$J0YAHQADQANH@Z) en la función "int __cdecl main_OB1(void)" (?main_OB1@@$$FYAHXZ)
AF1.obj : error LNK2028: se hace referencia al símbolo (token) sin resolver (0A000572) "extern "C" int __cdecl Elveflow_Calibration_Load(char * const,double * const,int)" (?Elveflow_Calibration_Load@@$$J0YAHQADQANH@Z) en la función "int __cdecl main_AF1(void)" (?main_AF1@@$$FYAHXZ)
AF1.obj : error LNK2028: se hace referencia al símbolo (token) sin resolver (0A00058F) "extern "C" int __cdecl AF1_Set_Press(int,double,double * const,int)" (?AF1_Set_Press@@$$J0YAHHNQANH@Z) en la función "int __cdecl main_AF1(void)" (?main_AF1@@$$FYAHXZ)
AF1.obj : error LNK2028: se hace referencia al símbolo (token) sin resolver (0A0005A3) "extern "C" int __cdecl AF1_Get_Press(int,int,double * const,double *,int)" (?AF1_Get_Press@@$$J0YAHHHQANPANH@Z) en la función "int __cdecl main_AF1(void)" (?main_AF1@@$$FYAHXZ)
BFS.obj : error LNK2028: se hace referencia al símbolo (token) sin resolver (0A0004D5) "extern "C" int __cdecl BFS_Get_Density(int,double *)" (?BFS_Get_Density@@$$J0YAHHPAN@Z) en la función "int __cdecl main_BFS(void)" (?main_BFS@@$$FYAHXZ)
BFS.obj : error LNK2028: se hace referencia al símbolo (token) sin resolver (0A000514) "extern "C" int __cdecl BFS_Get_Temperature(int,double *)" (?BFS_Get_Temperature@@$$J0YAHHPAN@Z) en la función "int __cdecl main_BFS(void)" (?main_BFS@@$$FYAHXZ)
MUX_Dist.obj : error LNK2028: se hace referencia al símbolo (token) sin resolver (0A00051F) "extern "C" int __cdecl MUX_Dist_Destructor(int)" (?MUX_Dist_Destructor@@$$J0YAHH@Z) en la función "int __cdecl main_MUX_Dist(void)" (?main_MUX_Dist@@$$FYAHXZ)
MUX.obj : error LNK2020: símbolo (token) sin resolver (0A000515) "extern "C" int __cdecl MUX_Dist_Destructor(int)" (?MUX_Dist_Destructor@@$$J0YAHH@Z)
BFS.obj : error LNK2028: se hace referencia al símbolo (token) sin resolver (0A000520) "extern "C" int __cdecl MUX_Dist_Destructor(int)" (?MUX_Dist_Destructor@@$$J0YAHH@Z) en la función "int __cdecl main_BFS(void)" (?main_BFS@@$$FYAHXZ)
BFS.obj : error LNK2028: se hace referencia al símbolo (token) sin resolver (0A000523) "extern "C" int __cdecl BFS_Get_Flow(int,double *)" (?BFS_Get_Flow@@$$J0YAHHPAN@Z) en la función "int __cdecl main_BFS(void)" (?main_BFS@@$$FYAHXZ)
BFS.obj : error LNK2028: se hace referencia al símbolo (token) sin resolver (0A000594) "extern "C" int __cdecl BFS_Initialization(char * const,int *)" (?BFS_Initialization@@$$J0YAHQADPAH@Z) en la función "int __cdecl main_BFS(void)" (?main_BFS@@$$FYAHXZ)
BFS.obj : error LNK2028: se hace referencia al símbolo (token) sin resolver (0A0005A0) "extern "C" int __cdecl BFS_Set_Filter(int,double)" (?BFS_Set_Filter@@$$J0YAHHN@Z) en la función "int __cdecl main_BFS(void)" (?main_BFS@@$$FYAHXZ)
F_SReader.obj : error LNK2028: se hace referencia al símbolo (token) sin resolver (0A000561) "extern "C" int __cdecl F_S_R_Initialization(char * const,unsigned short,unsigned short,unsigned short,unsigned short,int *)" (?F_S_R_Initialization@@$$J0YAHQADGGGGPAH@Z) en la función "int __cdecl main_F_SReader(void)" (?main_F_SReader@@$$FYAHXZ)
F_SReader.obj : error LNK2028: se hace referencia al símbolo (token) sin resolver (0A00056B) "extern "C" int __cdecl F_S_R_Get_Sensor_data(int,int,double *)" (?F_S_R_Get_Sensor_data@@$$J0YAHHHPAN@Z) en la función "int __cdecl main_F_SReader(void)" (?main_F_SReader@@$$FYAHXZ)
F_SReader.obj : error LNK2028: se hace referencia al símbolo (token) sin resolver (0A000589) "extern "C" int __cdecl F_S_R_Destructor(int)" (?F_S_R_Destructor@@$$J0YAHH@Z) en la función "int __cdecl main_F_SReader(void)" (?main_F_SReader@@$$FYAHXZ)
MUX.obj : error LNK2028: se hace referencia al símbolo (token) sin resolver (0A000485) "extern "C" int __cdecl MUX_Get_Trig(int,int *)" (?MUX_Get_Trig@@$$J0YAHHPAH@Z) en la función "int __cdecl main_MUX(void)" (?main_MUX@@$$FYAHXZ)
MUX.obj : error LNK2028: se hace referencia al símbolo (token) sin resolver (0A0004BF) "extern "C" int __cdecl MUX_Initialization(char * const,int *)" (?MUX_Initialization@@$$J0YAHQADPAH@Z) en la función "int __cdecl main_MUX(void)" (?main_MUX@@$$FYAHXZ)
MUX.obj : error LNK2028: se hace referencia al símbolo (token) sin resolver (0A0004E3) "extern "C" int __cdecl MUX_Set_all_valves(int,int * const,int)" (?MUX_Set_all_valves@@$$J0YAHHQAHH@Z) en la función "int __cdecl main_MUX(void)" (?main_MUX@@$$FYAHXZ)
MUX.obj : error LNK2028: se hace referencia al símbolo (token) sin resolver (0A000582) "extern "C" int __cdecl MUX_Set_indiv_valve(int,int,int,int)" (?MUX_Set_indiv_valve@@$$J0YAHHHHH@Z) en la función "int __cdecl main_MUX(void)" (?main_MUX@@$$FYAHXZ)
MUX.obj : error LNK2028: se hace referencia al símbolo (token) sin resolver (0A0005A9) "extern "C" int __cdecl MUX_Set_Trig(int,int)" (?MUX_Set_Trig@@$$J0YAHHH@Z) en la función "int __cdecl main_MUX(void)" (?main_MUX@@$$FYAHXZ)
MUX.obj : error LNK2028: se hace referencia al símbolo (token) sin resolver (0A0005BD) "extern "C" int __cdecl MUX_Wire_Set_all_valves(int,int * const,int)" (?MUX_Wire_Set_all_valves@@$$J0YAHHQAHH@Z) en la función "int __cdecl main_MUX(void)" (?main_MUX@@$$FYAHXZ)
MUX_Dist.obj : error LNK2028: se hace referencia al símbolo (token) sin resolver (0A0004D0) "extern "C" int __cdecl MUX_Dist_Get_Valve(int,int *)" (?MUX_Dist_Get_Valve@@$$J0YAHHPAH@Z) en la función "int __cdecl main_MUX_Dist(void)" (?main_MUX_Dist@@$$FYAHXZ)
MUX_Dist.obj : error LNK2028: se hace referencia al símbolo (token) sin resolver (0A0005A3) "extern "C" int __cdecl MUX_Dist_Initialization(char * const,int *)" (?MUX_Dist_Initialization@@$$J0YAHQADPAH@Z) en la función "int __cdecl main_MUX_Dist(void)" (?main_MUX_Dist@@$$FYAHXZ)
MUX_Dist.obj : error LNK2028: se hace referencia al símbolo (token) sin resolver (0A0005B7) "extern "C" int __cdecl MUX_Dist_Set_Valve(int,int)" (?MUX_Dist_Set_Valve@@$$J0YAHHH@Z) en la función "int __cdecl main_MUX_Dist(void)" (?main_MUX_Dist@@$$FYAHXZ)
OB1.obj : error LNK2028: se hace referencia al símbolo (token) sin resolver (0A0004A5) "extern "C" int __cdecl OB1_Get_Press(int,int,int,double * const,double *,int)" (?OB1_Get_Press@@$$J0YAHHHHQANPANH@Z) en la función "int __cdecl main_OB1(void)" (?main_OB1@@$$FYAHXZ)
OB1.obj : error LNK2028: se hace referencia al símbolo (token) sin resolver (0A0004F7) "extern "C" int __cdecl OB1_Initialization(char * const,unsigned short,unsigned short,unsigned short,unsigned short,int *)" (?OB1_Initialization@@$$J0YAHQADGGGGPAH@Z) en la función "int __cdecl main_OB1(void)" (?main_OB1@@$$FYAHXZ)
OB1.obj : error LNK2028: se hace referencia al símbolo (token) sin resolver (0A0004F9) "extern "C" int __cdecl OB1_Set_All_Press(int,double * const,double * const,int,int)" (?OB1_Set_All_Press@@$$J0YAHHQAN0HH@Z) en la función "int __cdecl main_OB1(void)" (?main_OB1@@$$FYAHXZ)
OB1.obj : error LNK2028: se hace referencia al símbolo (token) sin resolver (0A00050B) "extern "C" int __cdecl OB1_Set_Trig(int,int)" (?OB1_Set_Trig@@$$J0YAHHH@Z) en la función "int __cdecl main_OB1(void)" (?main_OB1@@$$FYAHXZ)
OB1.obj : error LNK2028: se hace referencia al símbolo (token) sin resolver (0A00050D) "extern "C" int __cdecl OB1_Get_Trig(int,int *)" (?OB1_Get_Trig@@$$J0YAHHPAH@Z) en la función "int __cdecl main_OB1(void)" (?main_OB1@@$$FYAHXZ)
OB1.obj : error LNK2028: se hace referencia al símbolo (token) sin resolver (0A00057E) "extern "C" int __cdecl OB1_Get_Sens_Data(int,int,int,double *)" (?OB1_Get_Sens_Data@@$$J0YAHHHHPAN@Z) en la función "int __cdecl main_OB1(void)" (?main_OB1@@$$FYAHXZ)
OB1.obj : error LNK2028: se hace referencia al símbolo (token) sin resolver (0A0005C2) "extern "C" int __cdecl OB1_Calib(int,double * const,int)" (?OB1_Calib@@$$J0YAHHQANH@Z) en la función "int __cdecl main_OB1(void)" (?main_OB1@@$$FYAHXZ)
OB1.obj : error LNK2028: se hace referencia al símbolo (token) sin resolver (0A0005E3) "extern "C" int __cdecl OB1_Set_Press(int,int,double,double * const,int)" (?OB1_Set_Press@@$$J0YAHHHNQANH@Z) en la función "int __cdecl main_OB1(void)" (?main_OB1@@$$FYAHXZ)
OB1.obj : error LNK2028: se hace referencia al símbolo (token) sin resolver (0A0005E9) "extern "C" int __cdecl OB1_Destructor(int)" (?OB1_Destructor@@$$J0YAHH@Z) en la función "int __cdecl main_OB1(void)" (?main_OB1@@$$FYAHXZ)
AF1.obj : error LNK2019: símbolo externo "extern "C" int __cdecl AF1_Initialization(char * const,unsigned short,unsigned short,int *)" (?AF1_Initialization@@$$J0YAHQADGGPAH@Z) sin resolver al que se hace referencia en la función "int __cdecl main_AF1(void)" (?main_AF1@@$$FYAHXZ)
AF1.obj : error LNK2019: símbolo externo "extern "C" int __cdecl Elveflow_Calibration_Default(double * const,int)" (?Elveflow_Calibration_Default@@$$J0YAHQANH@Z) sin resolver al que se hace referencia en la función "int __cdecl main_AF1(void)" (?main_AF1@@$$FYAHXZ)
OB1.obj : error LNK2001: símbolo externo "extern "C" int __cdecl Elveflow_Calibration_Default(double * const,int)" (?Elveflow_Calibration_Default@@$$J0YAHQANH@Z) sin resolver
AF1.obj : error LNK2019: símbolo externo "extern "C" int __cdecl Elveflow_Calibration_Load(char * const,double * const,int)" (?Elveflow_Calibration_Load@@$$J0YAHQADQANH@Z) sin resolver al que se hace referencia en la función "int __cdecl main_AF1(void)" (?main_AF1@@$$FYAHXZ)
OB1.obj : error LNK2001: símbolo externo "extern "C" int __cdecl Elveflow_Calibration_Load(char * const,double * const,int)" (?Elveflow_Calibration_Load@@$$J0YAHQADQANH@Z) sin resolver
AF1.obj : error LNK2019: símbolo externo "extern "C" int __cdecl AF1_Calib(int,double * const,int)" (?AF1_Calib@@$$J0YAHHQANH@Z) sin resolver al que se hace referencia en la función "int __cdecl main_AF1(void)" (?main_AF1@@$$FYAHXZ)
AF1.obj : error LNK2019: símbolo externo "extern "C" int __cdecl Elveflow_Calibration_Save(char * const,double * const,int)" (?Elveflow_Calibration_Save@@$$J0YAHQADQANH@Z) sin resolver al que se hace referencia en la función "int __cdecl main_AF1(void)" (?main_AF1@@$$FYAHXZ)
OB1.obj : error LNK2001: símbolo externo "extern "C" int __cdecl Elveflow_Calibration_Save(char * const,double * const,int)" (?Elveflow_Calibration_Save@@$$J0YAHQADQANH@Z) sin resolver
AF1.obj : error LNK2019: símbolo externo "extern "C" int __cdecl AF1_Get_Press(int,int,double * const,double *,int)" (?AF1_Get_Press@@$$J0YAHHHQANPANH@Z) sin resolver al que se hace referencia en la función "int __cdecl main_AF1(void)" (?main_AF1@@$$FYAHXZ)
AF1.obj : error LNK2019: símbolo externo "extern "C" int __cdecl AF1_Set_Press(int,double,double * const,int)" (?AF1_Set_Press@@$$J0YAHHNQANH@Z) sin resolver al que se hace referencia en la función "int __cdecl main_AF1(void)" (?main_AF1@@$$FYAHXZ)
AF1.obj : error LNK2019: símbolo externo "extern "C" int __cdecl AF1_Destructor(int)" (?AF1_Destructor@@$$J0YAHH@Z) sin resolver al que se hace referencia en la función "int __cdecl main_AF1(void)" (?main_AF1@@$$FYAHXZ)
BFS.obj : error LNK2019: símbolo externo "extern "C" int __cdecl BFS_Initialization(char * const,int *)" (?BFS_Initialization@@$$J0YAHQADPAH@Z) sin resolver al que se hace referencia en la función "int __cdecl main_BFS(void)" (?main_BFS@@$$FYAHXZ)
BFS.obj : error LNK2019: símbolo externo "extern "C" int __cdecl BFS_Get_Density(int,double *)" (?BFS_Get_Density@@$$J0YAHHPAN@Z) sin resolver al que se hace referencia en la función "int __cdecl main_BFS(void)" (?main_BFS@@$$FYAHXZ)
BFS.obj : error LNK2019: símbolo externo "extern "C" int __cdecl BFS_Get_Flow(int,double *)" (?BFS_Get_Flow@@$$J0YAHHPAN@Z) sin resolver al que se hace referencia en la función "int __cdecl main_BFS(void)" (?main_BFS@@$$FYAHXZ)
BFS.obj : error LNK2019: símbolo externo "extern "C" int __cdecl BFS_Get_Temperature(int,double *)" (?BFS_Get_Temperature@@$$J0YAHHPAN@Z) sin resolver al que se hace referencia en la función "int __cdecl main_BFS(void)" (?main_BFS@@$$FYAHXZ)
BFS.obj : error LNK2019: símbolo externo "extern "C" int __cdecl BFS_Set_Filter(int,double)" (?BFS_Set_Filter@@$$J0YAHHN@Z) sin resolver al que se hace referencia en la función "int __cdecl main_BFS(void)" (?main_BFS@@$$FYAHXZ)
BFS.obj : error LNK2019: símbolo externo "extern "C" int __cdecl MUX_Dist_Destructor(int)" (?MUX_Dist_Destructor@@$$J0YAHH@Z) sin resolver al que se hace referencia en la función "int __cdecl main_BFS(void)" (?main_BFS@@$$FYAHXZ)
MUX.obj : error LNK2001: símbolo externo "extern "C" int __cdecl MUX_Dist_Destructor(int)" (?MUX_Dist_Destructor@@$$J0YAHH@Z) sin resolver
MUX_Dist.obj : error LNK2001: símbolo externo "extern "C" int __cdecl MUX_Dist_Destructor(int)" (?MUX_Dist_Destructor@@$$J0YAHH@Z) sin resolver
F_SReader.obj : error LNK2019: símbolo externo "extern "C" int __cdecl F_S_R_Initialization(char * const,unsigned short,unsigned short,unsigned short,unsigned short,int *)" (?F_S_R_Initialization@@$$J0YAHQADGGGGPAH@Z) sin resolver al que se hace referencia en la función "int __cdecl main_F_SReader(void)" (?main_F_SReader@@$$FYAHXZ)
F_SReader.obj : error LNK2019: símbolo externo "extern "C" int __cdecl F_S_R_Get_Sensor_data(int,int,double *)" (?F_S_R_Get_Sensor_data@@$$J0YAHHHPAN@Z) sin resolver al que se hace referencia en la función "int __cdecl main_F_SReader(void)" (?main_F_SReader@@$$FYAHXZ)
F_SReader.obj : error LNK2019: símbolo externo "extern "C" int __cdecl F_S_R_Destructor(int)" (?F_S_R_Destructor@@$$J0YAHH@Z) sin resolver al que se hace referencia en la función "int __cdecl main_F_SReader(void)" (?main_F_SReader@@$$FYAHXZ)
MUX.obj : error LNK2019: símbolo externo "extern "C" int __cdecl MUX_Initialization(char * const,int *)" (?MUX_Initialization@@$$J0YAHQADPAH@Z) sin resolver al que se hace referencia en la función "int __cdecl main_MUX(void)" (?main_MUX@@$$FYAHXZ)
MUX.obj : error LNK2019: símbolo externo "extern "C" int __cdecl MUX_Set_indiv_valve(int,int,int,int)" (?MUX_Set_indiv_valve@@$$J0YAHHHHH@Z) sin resolver al que se hace referencia en la función "int __cdecl main_MUX(void)" (?main_MUX@@$$FYAHXZ)
MUX.obj : error LNK2019: símbolo externo "extern "C" int __cdecl MUX_Wire_Set_all_valves(int,int * const,int)" (?MUX_Wire_Set_all_valves@@$$J0YAHHQAHH@Z) sin resolver al que se hace referencia en la función "int __cdecl main_MUX(void)" (?main_MUX@@$$FYAHXZ)
MUX.obj : error LNK2019: símbolo externo "extern "C" int __cdecl MUX_Set_all_valves(int,int * const,int)" (?MUX_Set_all_valves@@$$J0YAHHQAHH@Z) sin resolver al que se hace referencia en la función "int __cdecl main_MUX(void)" (?main_MUX@@$$FYAHXZ)
MUX.obj : error LNK2019: símbolo externo "extern "C" int __cdecl MUX_Set_Trig(int,int)" (?MUX_Set_Trig@@$$J0YAHHH@Z) sin resolver al que se hace referencia en la función "int __cdecl main_MUX(void)" (?main_MUX@@$$FYAHXZ)
MUX.obj : error LNK2019: símbolo externo "extern "C" int __cdecl MUX_Get_Trig(int,int *)" (?MUX_Get_Trig@@$$J0YAHHPAH@Z) sin resolver al que se hace referencia en la función "int __cdecl main_MUX(void)" (?main_MUX@@$$FYAHXZ)
MUX_Dist.obj : error LNK2019: símbolo externo "extern "C" int __cdecl MUX_Dist_Initialization(char * const,int *)" (?MUX_Dist_Initialization@@$$J0YAHQADPAH@Z) sin resolver al que se hace referencia en la función "int __cdecl main_MUX_Dist(void)" (?main_MUX_Dist@@$$FYAHXZ)
MUX_Dist.obj : error LNK2019: símbolo externo "extern "C" int __cdecl MUX_Dist_Get_Valve(int,int *)" (?MUX_Dist_Get_Valve@@$$J0YAHHPAH@Z) sin resolver al que se hace referencia en la función "int __cdecl main_MUX_Dist(void)" (?main_MUX_Dist@@$$FYAHXZ)
MUX_Dist.obj : error LNK2019: símbolo externo "extern "C" int __cdecl MUX_Dist_Set_Valve(int,int)" (?MUX_Dist_Set_Valve@@$$J0YAHHH@Z) sin resolver al que se hace referencia en la función "int __cdecl main_MUX_Dist(void)" (?main_MUX_Dist@@$$FYAHXZ)
OB1.obj : error LNK2019: símbolo externo "extern "C" int __cdecl OB1_Initialization(char * const,unsigned short,unsigned short,unsigned short,unsigned short,int *)" (?OB1_Initialization@@$$J0YAHQADGGGGPAH@Z) sin resolver al que se hace referencia en la función "int __cdecl main_OB1(void)" (?main_OB1@@$$FYAHXZ)
OB1.obj : error LNK2019: símbolo externo "extern "C" int __cdecl OB1_Calib(int,double * const,int)" (?OB1_Calib@@$$J0YAHHQANH@Z) sin resolver al que se hace referencia en la función "int __cdecl main_OB1(void)" (?main_OB1@@$$FYAHXZ)
OB1.obj : error LNK2019: símbolo externo "extern "C" int __cdecl OB1_Get_Press(int,int,int,double * const,double *,int)" (?OB1_Get_Press@@$$J0YAHHHHQANPANH@Z) sin resolver al que se hace referencia en la función "int __cdecl main_OB1(void)" (?main_OB1@@$$FYAHXZ)
OB1.obj : error LNK2019: símbolo externo "extern "C" int __cdecl OB1_Set_Press(int,int,double,double * const,int)" (?OB1_Set_Press@@$$J0YAHHHNQANH@Z) sin resolver al que se hace referencia en la función "int __cdecl main_OB1(void)" (?main_OB1@@$$FYAHXZ)
OB1.obj : error LNK2019: símbolo externo "extern "C" int __cdecl OB1_Get_Sens_Data(int,int,int,double *)" (?OB1_Get_Sens_Data@@$$J0YAHHHHPAN@Z) sin resolver al que se hace referencia en la función "int __cdecl main_OB1(void)" (?main_OB1@@$$FYAHXZ)
OB1.obj : error LNK2019: símbolo externo "extern "C" int __cdecl OB1_Set_Trig(int,int)" (?OB1_Set_Trig@@$$J0YAHHH@Z) sin resolver al que se hace referencia en la función "int __cdecl main_OB1(void)" (?main_OB1@@$$FYAHXZ)
OB1.obj : error LNK2019: símbolo externo "extern "C" int __cdecl OB1_Get_Trig(int,int *)" (?OB1_Get_Trig@@$$J0YAHHPAH@Z) sin resolver al que se hace referencia en la función "int __cdecl main_OB1(void)" (?main_OB1@@$$FYAHXZ)
OB1.obj : error LNK2019: símbolo externo "extern "C" int __cdecl OB1_Set_All_Press(int,double * const,double * const,int,int)" (?OB1_Set_All_Press@@$$J0YAHHQAN0HH@Z) sin resolver al que se hace referencia en la función "int __cdecl main_OB1(void)" (?main_OB1@@$$FYAHXZ)
OB1.obj : error LNK2019: símbolo externo "extern "C" int __cdecl OB1_Destructor(int)" (?OB1_Destructor@@$$J0YAHH@Z) sin resolver al que se hace referencia en la función "int __cdecl main_OB1(void)" (?main_OB1@@$$FYAHXZ)
C:\Users\patri\Desktop\SDK_V3_02_01\DLL64\DLL64\Example_DLL64_Visual_Cpp\ElveflowDLL\dll\Elveflow64.lib : warning LNK4272: el tipo de máquina de biblioteca 'x64' está en conflicto con el tipo de máquina de destino 'x86'
D:\UNIVERSIDAD\proyecto\Elveflow1_Prueba\Debug\Elveflow1_Prueba.exe : fatal error LNK1120: 75 externos sin resolver
